Connecting to database specified by database.yml
Creating scope :deleted. Overwriting existing method Spree::Variant.deleted.
Compiled jquery.js  (3ms)  (pid 5591)
Compiled jquery_ujs.js  (0ms)  (pid 5591)
Compiled jquery-migrate-1.0.0.js  (0ms)  (pid 5591)
Compiled jquery.ui.core.js  (0ms)  (pid 5591)
Compiled jquery.ui.widget.js  (0ms)  (pid 5591)
Compiled jquery.ui.accordion.js  (13ms)  (pid 5591)
Compiled jquery.ui.position.js  (0ms)  (pid 5591)
Compiled jquery.ui.menu.js  (12ms)  (pid 5591)
Compiled jquery.ui.autocomplete.js  (25ms)  (pid 5591)
Compiled jquery.ui.button.js  (3ms)  (pid 5591)
Compiled jquery.ui.datepicker.js  (2ms)  (pid 5591)
Compiled jquery.ui.mouse.js  (3ms)  (pid 5591)
Compiled jquery.ui.draggable.js  (61ms)  (pid 5591)
Compiled jquery.ui.resizable.js  (6ms)  (pid 5591)
Compiled jquery.ui.dialog.js  (155ms)  (pid 5591)
Compiled jquery.ui.droppable.js  (8ms)  (pid 5591)
Compiled jquery.ui.effect.js  (0ms)  (pid 5591)
Compiled jquery.ui.effect-blind.js  (7ms)  (pid 5591)
Compiled jquery.ui.effect-bounce.js  (2ms)  (pid 5591)
Compiled jquery.ui.effect-clip.js  (2ms)  (pid 5591)
Compiled jquery.ui.effect-drop.js  (1ms)  (pid 5591)
Compiled jquery.ui.effect-explode.js  (2ms)  (pid 5591)
Compiled jquery.ui.effect-fade.js  (2ms)  (pid 5591)
Compiled jquery.ui.effect-fold.js  (2ms)  (pid 5591)
Compiled jquery.ui.effect-highlight.js  (2ms)  (pid 5591)
Compiled jquery.ui.effect-pulsate.js  (1ms)  (pid 5591)
Compiled jquery.ui.effect-scale.js  (2ms)  (pid 5591)
Compiled jquery.ui.effect-shake.js  (2ms)  (pid 5591)
Compiled jquery.ui.effect-slide.js  (1ms)  (pid 5591)
Compiled jquery.ui.effect-transfer.js  (2ms)  (pid 5591)
Compiled jquery.ui.progressbar.js  (3ms)  (pid 5591)
Compiled jquery.ui.selectable.js  (6ms)  (pid 5591)
Compiled jquery.ui.slider.js  (5ms)  (pid 5591)
Compiled jquery.ui.sortable.js  (5ms)  (pid 5591)
Compiled jquery.ui.spinner.js  (6ms)  (pid 5591)
Compiled jquery.ui.tabs.js  (3ms)  (pid 5591)
Compiled jquery.ui.tooltip.js  (5ms)  (pid 5591)
Compiled jquery.ui.all.js  (414ms)  (pid 5591)
Compiled modernizr.js  (0ms)  (pid 5591)
Compiled jquery.cookie.js  (0ms)  (pid 5591)
Compiled jquery.delayedobserver.js  (0ms)  (pid 5591)
Compiled jquery.jstree/jquery.jstree.js  (65ms)  (pid 5591)
Compiled jquery.alerts/jquery.alerts.js  (0ms)  (pid 5591)
Compiled jquery.powertip.js  (0ms)  (pid 5591)
Compiled jquery.vAlign.js  (0ms)  (pid 5591)
Compiled css_browser_selector_dev.js  (0ms)  (pid 5591)
Compiled spin.js  (0ms)  (pid 5591)
Compiled trunk8.js  (0ms)  (pid 5591)
Compiled jquery.adaptivemenu.js  (0ms)  (pid 5591)
Compiled equalize.js  (0ms)  (pid 5591)
Compiled responsive-tables.js  (0ms)  (pid 5591)
Compiled jsuri.js  (0ms)  (pid 5591)
Compiled spree.js  (104ms)  (pid 5591)
Compiled select2.js  (2ms)  (pid 5591)
Compiled admin/spree-select2.js  (11ms)  (pid 5591)
Compiled admin/address_states.js  (0ms)  (pid 5591)
Compiled handlebars.js  (0ms)  (pid 5591)
Compiled admin/handlebar_extensions.js  (5ms)  (pid 5591)
Compiled admin/variant_autocomplete.js  (1ms)  (pid 5591)
Compiled admin/taxon_autocomplete.js  (1ms)  (pid 5591)
Compiled admin/option_type_autocomplete.js  (1ms)  (pid 5591)
Compiled admin/user_picker.js  (0ms)  (pid 5591)
Compiled admin/product_picker.js  (0ms)  (pid 5591)
Compiled admin/admin.js  (103ms)  (pid 5591)
Compiled admin/calculator.js  (0ms)  (pid 5591)
Compiled admin/checkouts/edit.js  (0ms)  (pid 5591)
Compiled admin/gateway.js  (0ms)  (pid 5591)
Compiled admin/image_settings.js  (1ms)  (pid 5591)
Compiled admin/images/index.js  (6ms)  (pid 5591)
Compiled admin/images/new.js  (4ms)  (pid 5591)
Compiled admin/line_items.js  (22ms)  (pid 5591)
Compiled admin/nested-attribute.js  (0ms)  (pid 5591)
Compiled admin/orders/edit.js  (0ms)  (pid 5591)
Compiled admin/orders/edit_form.js  (0ms)  (pid 5591)
Compiled admin/payments/edit.js  (46ms)  (pid 5591)
Compiled admin/payments/new.js  (0ms)  (pid 5591)
Compiled admin/progress.js  (4ms)  (pid 5591)
Compiled admin/promotions.js  (0ms)  (pid 5591)
Compiled admin/shipments.js  (4ms)  (pid 5591)
Compiled admin/states.js  (0ms)  (pid 5591)
Compiled admin/stock_management.js  (4ms)  (pid 5591)
Compiled admin/stock_movement.js  (5ms)  (pid 5591)
Compiled admin/stock_transfer.js  (44ms)  (pid 5591)
Compiled admin/taxon_tree_menu.js  (8ms)  (pid 5591)
Compiled admin/taxonomy.js  (28ms)  (pid 5591)
Compiled admin/underscore-min.js  (0ms)  (pid 5591)
Compiled admin/variant_management.js  (2ms)  (pid 5591)
Compiled admin/zone.js  (8ms)  (pid 5591)
Compiled admin/spree_backend.js  (1077ms)  (pid 5591)
Compiled admin/spree_multi_lingual_class.js  (11ms)  (pid 5591)
Compiled admin/spree_multi_lingual.js  (16ms)  (pid 5591)
Compiled admin/all.js  (1197ms)  (pid 5591)
Compiled jquery.validate/jquery.validate.min.js  (0ms)  (pid 5591)
Compiled store/checkout.js  (24ms)  (pid 5591)
Compiled store/product.js  (16ms)  (pid 5591)
Compiled store/cart.js  (2ms)  (pid 5591)
Compiled store/spree_frontend.js  (118ms)  (pid 5591)
Compiled store/spree_multi_lingual.js  (1ms)  (pid 5591)
Compiled store/layout.js  (0ms)  (pid 5591)
Compiled store/all.js  (136ms)  (pid 5591)
Compiled application.js  (146ms)  (pid 5591)
Compiled jquery.alerts/jquery.alerts.css  (18ms)  (pid 5591)
Compiled jquery.alerts/jquery.alerts.spree.css  (0ms)  (pid 5591)
Compiled responsive-tables.css  (0ms)  (pid 5591)
Compiled normalize.css  (0ms)  (pid 5591)
Compiled skeleton.css  (0ms)  (pid 5591)
Compiled jquery.ui.core.css  (1ms)  (pid 5591)
Compiled jquery.ui.theme.css  (63ms)  (pid 5591)
Compiled jquery.ui.datepicker.css  (77ms)  (pid 5591)
Compiled jquery.powertip.css  (0ms)  (pid 5591)
Compiled select2.css  (173ms)  (pid 5591)
Compiled admin/spree_admin.css  (1440ms)  (pid 5591)
Compiled admin/spree_backend.css  (1755ms)  (pid 5591)
Compiled admin/spree_multi_lingual.css  (10ms)  (pid 5591)
Compiled admin/all.css  (1779ms)  (pid 5591)
Compiled store/screen.css  (270ms)  (pid 5591)
Compiled store/mylayout.css  (39ms)  (pid 5591)
Compiled store/mystyle.css  (5ms)  (pid 5591)
Compiled store/products.css  (2ms)  (pid 5591)
Compiled store/variables.css  (21ms)  (pid 5591)
Compiled store/all.css  (358ms)  (pid 5591)
Compiled application.css  (363ms)  (pid 5591)
Compiled admin/html-invoice.css  (0ms)  (pid 5591)
Compiled admin/html-receipt.css  (0ms)  (pid 5591)
Compiled jquery.jstree/themes/apple/style.css  (0ms)  (pid 5591)
Connecting to database specified by database.yml
Creating scope :deleted. Overwriting existing method Spree::Variant.deleted.
Compiled jquery.js  (2ms)  (pid 5591)
Compiled jquery_ujs.js  (0ms)  (pid 5591)
Compiled jquery-migrate-1.0.0.js  (0ms)  (pid 5591)
Compiled jquery.ui.core.js  (0ms)  (pid 5591)
Compiled jquery.ui.widget.js  (0ms)  (pid 5591)
Compiled jquery.ui.accordion.js  (10ms)  (pid 5591)
Compiled jquery.ui.position.js  (0ms)  (pid 5591)
Compiled jquery.ui.menu.js  (7ms)  (pid 5591)
Compiled jquery.ui.autocomplete.js  (17ms)  (pid 5591)
Compiled jquery.ui.button.js  (3ms)  (pid 5591)
Compiled jquery.ui.datepicker.js  (3ms)  (pid 5591)
Compiled jquery.ui.mouse.js  (4ms)  (pid 5591)
Compiled jquery.ui.draggable.js  (14ms)  (pid 5591)
Compiled jquery.ui.resizable.js  (5ms)  (pid 5591)
Compiled jquery.ui.dialog.js  (100ms)  (pid 5591)
Compiled jquery.ui.droppable.js  (6ms)  (pid 5591)
Compiled jquery.ui.effect.js  (0ms)  (pid 5591)
Compiled jquery.ui.effect-blind.js  (6ms)  (pid 5591)
Compiled jquery.ui.effect-bounce.js  (1ms)  (pid 5591)
Compiled jquery.ui.effect-clip.js  (1ms)  (pid 5591)
Compiled jquery.ui.effect-drop.js  (2ms)  (pid 5591)
Compiled jquery.ui.effect-explode.js  (3ms)  (pid 5591)
Compiled jquery.ui.effect-fade.js  (3ms)  (pid 5591)
Compiled jquery.ui.effect-fold.js  (2ms)  (pid 5591)
Compiled jquery.ui.effect-highlight.js  (2ms)  (pid 5591)
Compiled jquery.ui.effect-pulsate.js  (3ms)  (pid 5591)
Compiled jquery.ui.effect-scale.js  (2ms)  (pid 5591)
Compiled jquery.ui.effect-shake.js  (1ms)  (pid 5591)
Compiled jquery.ui.effect-slide.js  (2ms)  (pid 5591)
Compiled jquery.ui.effect-transfer.js  (1ms)  (pid 5591)
Compiled jquery.ui.progressbar.js  (4ms)  (pid 5591)
Compiled jquery.ui.selectable.js  (7ms)  (pid 5591)
Compiled jquery.ui.slider.js  (7ms)  (pid 5591)
Compiled jquery.ui.sortable.js  (6ms)  (pid 5591)
Compiled jquery.ui.spinner.js  (9ms)  (pid 5591)
Compiled jquery.ui.tabs.js  (5ms)  (pid 5591)
Compiled jquery.ui.tooltip.js  (6ms)  (pid 5591)
Compiled jquery.ui.all.js  (435ms)  (pid 5591)
Compiled modernizr.js  (0ms)  (pid 5591)
Compiled jquery.cookie.js  (0ms)  (pid 5591)
Compiled jquery.delayedobserver.js  (0ms)  (pid 5591)
Compiled jquery.jstree/jquery.jstree.js  (2ms)  (pid 5591)
Compiled jquery.alerts/jquery.alerts.js  (0ms)  (pid 5591)
Compiled jquery.powertip.js  (0ms)  (pid 5591)
Compiled jquery.vAlign.js  (0ms)  (pid 5591)
Compiled css_browser_selector_dev.js  (0ms)  (pid 5591)
Compiled spin.js  (0ms)  (pid 5591)
Compiled trunk8.js  (0ms)  (pid 5591)
Compiled jquery.adaptivemenu.js  (0ms)  (pid 5591)
Compiled equalize.js  (0ms)  (pid 5591)
Compiled responsive-tables.js  (0ms)  (pid 5591)
Compiled jsuri.js  (0ms)  (pid 5591)
Compiled spree.js  (65ms)  (pid 5591)
Compiled select2.js  (62ms)  (pid 5591)
Compiled admin/spree-select2.js  (67ms)  (pid 5591)
Compiled admin/address_states.js  (0ms)  (pid 5591)
Compiled handlebars.js  (0ms)  (pid 5591)
Compiled admin/handlebar_extensions.js  (4ms)  (pid 5591)
Compiled admin/variant_autocomplete.js  (1ms)  (pid 5591)
Compiled admin/taxon_autocomplete.js  (0ms)  (pid 5591)
Compiled admin/option_type_autocomplete.js  (1ms)  (pid 5591)
Compiled admin/user_picker.js  (0ms)  (pid 5591)
Compiled admin/product_picker.js  (0ms)  (pid 5591)
Compiled admin/admin.js  (36ms)  (pid 5591)
Compiled admin/calculator.js  (0ms)  (pid 5591)
Compiled admin/checkouts/edit.js  (0ms)  (pid 5591)
Compiled admin/gateway.js  (0ms)  (pid 5591)
Compiled admin/image_settings.js  (1ms)  (pid 5591)
Compiled admin/images/index.js  (7ms)  (pid 5591)
Compiled admin/images/new.js  (3ms)  (pid 5591)
Compiled admin/line_items.js  (18ms)  (pid 5591)
Compiled admin/nested-attribute.js  (0ms)  (pid 5591)
Compiled admin/orders/edit.js  (0ms)  (pid 5591)
Compiled admin/orders/edit_form.js  (0ms)  (pid 5591)
Compiled admin/payments/edit.js  (65ms)  (pid 5591)
Compiled admin/payments/new.js  (0ms)  (pid 5591)
Compiled admin/progress.js  (6ms)  (pid 5591)
Compiled admin/promotions.js  (0ms)  (pid 5591)
Compiled admin/shipments.js  (4ms)  (pid 5591)
Compiled admin/states.js  (0ms)  (pid 5591)
Compiled admin/stock_management.js  (4ms)  (pid 5591)
Compiled admin/stock_movement.js  (8ms)  (pid 5591)
Compiled admin/stock_transfer.js  (55ms)  (pid 5591)
Compiled admin/taxon_tree_menu.js  (10ms)  (pid 5591)
Compiled admin/taxonomy.js  (33ms)  (pid 5591)
Compiled admin/underscore-min.js  (0ms)  (pid 5591)
Compiled admin/variant_management.js  (2ms)  (pid 5591)
Compiled admin/zone.js  (8ms)  (pid 5591)
Compiled admin/spree_backend.js  (1123ms)  (pid 5591)
Compiled admin/spree_multi_lingual_class.js  (11ms)  (pid 5591)
Compiled admin/spree_multi_lingual.js  (15ms)  (pid 5591)
Compiled admin/all.js  (1169ms)  (pid 5591)
Compiled jquery.validate/jquery.validate.min.js  (0ms)  (pid 5591)
Compiled store/checkout.js  (30ms)  (pid 5591)
Compiled store/product.js  (10ms)  (pid 5591)
Compiled store/cart.js  (2ms)  (pid 5591)
Compiled store/spree_frontend.js  (61ms)  (pid 5591)
Compiled store/spree_multi_lingual.js  (1ms)  (pid 5591)
Compiled store/layout.js  (0ms)  (pid 5591)
Compiled store/all.js  (78ms)  (pid 5591)
Compiled application.js  (86ms)  (pid 5591)
Compiled jquery.alerts/jquery.alerts.css  (1ms)  (pid 5591)
Compiled jquery.alerts/jquery.alerts.spree.css  (0ms)  (pid 5591)
Compiled responsive-tables.css  (0ms)  (pid 5591)
Compiled normalize.css  (0ms)  (pid 5591)
Compiled skeleton.css  (0ms)  (pid 5591)
Compiled jquery.ui.core.css  (1ms)  (pid 5591)
Compiled jquery.ui.theme.css  (9ms)  (pid 5591)
Compiled jquery.ui.datepicker.css  (22ms)  (pid 5591)
Compiled jquery.powertip.css  (0ms)  (pid 5591)
Compiled select2.css  (95ms)  (pid 5591)
Compiled admin/spree_admin.css  (1396ms)  (pid 5591)
Compiled admin/spree_backend.css  (1683ms)  (pid 5591)
Compiled admin/spree_multi_lingual.css  (4ms)  (pid 5591)
Compiled admin/all.css  (1699ms)  (pid 5591)
Compiled store/screen.css  (211ms)  (pid 5591)
Compiled store/mylayout.css  (35ms)  (pid 5591)
Compiled store/mystyle.css  (6ms)  (pid 5591)
Compiled store/products.css  (3ms)  (pid 5591)
Compiled store/variables.css  (15ms)  (pid 5591)
Compiled store/all.css  (288ms)  (pid 5591)
Compiled application.css  (295ms)  (pid 5591)
Compiled admin/html-invoice.css  (0ms)  (pid 5591)
Compiled admin/html-receipt.css  (0ms)  (pid 5591)
Compiled jquery.jstree/themes/apple/style.css  (0ms)  (pid 5591)
Connecting to database specified by database.yml
Creating scope :deleted. Overwriting existing method Spree::Variant.deleted.
Compiled jquery.js  (3ms)  (pid 7984)
Compiled jquery_ujs.js  (70ms)  (pid 7984)
Compiled jquery-migrate-1.0.0.js  (0ms)  (pid 7984)
Compiled jquery.ui.core.js  (0ms)  (pid 7984)
Compiled jquery.ui.widget.js  (1ms)  (pid 7984)
Compiled jquery.ui.accordion.js  (13ms)  (pid 7984)
Compiled jquery.ui.position.js  (0ms)  (pid 7984)
Compiled jquery.ui.menu.js  (8ms)  (pid 7984)
Compiled jquery.ui.autocomplete.js  (21ms)  (pid 7984)
Compiled jquery.ui.button.js  (3ms)  (pid 7984)
Compiled jquery.ui.datepicker.js  (2ms)  (pid 7984)
Compiled jquery.ui.mouse.js  (5ms)  (pid 7984)
Compiled jquery.ui.draggable.js  (78ms)  (pid 7984)
Compiled jquery.ui.resizable.js  (5ms)  (pid 7984)
Compiled jquery.ui.dialog.js  (102ms)  (pid 7984)
Compiled jquery.ui.droppable.js  (6ms)  (pid 7984)
Compiled jquery.ui.effect.js  (0ms)  (pid 7984)
Compiled jquery.ui.effect-blind.js  (5ms)  (pid 7984)
Compiled jquery.ui.effect-bounce.js  (2ms)  (pid 7984)
Compiled jquery.ui.effect-clip.js  (3ms)  (pid 7984)
Compiled jquery.ui.effect-drop.js  (2ms)  (pid 7984)
Compiled jquery.ui.effect-explode.js  (2ms)  (pid 7984)
Compiled jquery.ui.effect-fade.js  (2ms)  (pid 7984)
Compiled jquery.ui.effect-fold.js  (1ms)  (pid 7984)
Compiled jquery.ui.effect-highlight.js  (1ms)  (pid 7984)
Compiled jquery.ui.effect-pulsate.js  (1ms)  (pid 7984)
Compiled jquery.ui.effect-scale.js  (1ms)  (pid 7984)
Compiled jquery.ui.effect-shake.js  (2ms)  (pid 7984)
Compiled jquery.ui.effect-slide.js  (2ms)  (pid 7984)
Compiled jquery.ui.effect-transfer.js  (2ms)  (pid 7984)
Compiled jquery.ui.progressbar.js  (3ms)  (pid 7984)
Compiled jquery.ui.selectable.js  (5ms)  (pid 7984)
Compiled jquery.ui.slider.js  (5ms)  (pid 7984)
Compiled jquery.ui.sortable.js  (67ms)  (pid 7984)
Compiled jquery.ui.spinner.js  (7ms)  (pid 7984)
Compiled jquery.ui.tabs.js  (4ms)  (pid 7984)
Compiled jquery.ui.tooltip.js  (5ms)  (pid 7984)
Compiled jquery.ui.all.js  (450ms)  (pid 7984)
Compiled modernizr.js  (0ms)  (pid 7984)
Compiled jquery.cookie.js  (0ms)  (pid 7984)
Compiled jquery.delayedobserver.js  (0ms)  (pid 7984)
Compiled jquery.jstree/jquery.jstree.js  (2ms)  (pid 7984)
Compiled jquery.alerts/jquery.alerts.js  (0ms)  (pid 7984)
Compiled jquery.powertip.js  (0ms)  (pid 7984)
Compiled jquery.vAlign.js  (0ms)  (pid 7984)
Compiled css_browser_selector_dev.js  (0ms)  (pid 7984)
Compiled spin.js  (0ms)  (pid 7984)
Compiled trunk8.js  (0ms)  (pid 7984)
Compiled jquery.adaptivemenu.js  (0ms)  (pid 7984)
Compiled equalize.js  (0ms)  (pid 7984)
Compiled responsive-tables.js  (0ms)  (pid 7984)
Compiled jsuri.js  (0ms)  (pid 7984)
Compiled spree.js  (152ms)  (pid 7984)
Compiled select2.js  (2ms)  (pid 7984)
Compiled admin/spree-select2.js  (13ms)  (pid 7984)
Compiled admin/address_states.js  (0ms)  (pid 7984)
Compiled handlebars.js  (1ms)  (pid 7984)
Compiled admin/handlebar_extensions.js  (6ms)  (pid 7984)
Compiled admin/variant_autocomplete.js  (1ms)  (pid 7984)
Compiled admin/taxon_autocomplete.js  (1ms)  (pid 7984)
Compiled admin/option_type_autocomplete.js  (1ms)  (pid 7984)
Compiled admin/user_picker.js  (0ms)  (pid 7984)
Compiled admin/product_picker.js  (0ms)  (pid 7984)
Compiled admin/admin.js  (112ms)  (pid 7984)
Compiled admin/calculator.js  (0ms)  (pid 7984)
Compiled admin/checkouts/edit.js  (0ms)  (pid 7984)
Compiled admin/gateway.js  (0ms)  (pid 7984)
Compiled admin/image_settings.js  (1ms)  (pid 7984)
Compiled admin/images/index.js  (68ms)  (pid 7984)
Compiled admin/images/new.js  (63ms)  (pid 7984)
Compiled admin/line_items.js  (95ms)  (pid 7984)
Compiled admin/nested-attribute.js  (0ms)  (pid 7984)
Compiled admin/orders/edit.js  (0ms)  (pid 7984)
Compiled admin/orders/edit_form.js  (0ms)  (pid 7984)
Compiled admin/payments/edit.js  (149ms)  (pid 7984)
Compiled admin/payments/new.js  (0ms)  (pid 7984)
Compiled admin/progress.js  (71ms)  (pid 7984)
Compiled admin/promotions.js  (0ms)  (pid 7984)
Compiled admin/shipments.js  (6ms)  (pid 7984)
Compiled admin/states.js  (0ms)  (pid 7984)
Compiled admin/stock_management.js  (123ms)  (pid 7984)
Compiled admin/stock_movement.js  (78ms)  (pid 7984)
Compiled admin/stock_transfer.js  (207ms)  (pid 7984)
Compiled admin/taxon_tree_menu.js  (75ms)  (pid 7984)
Compiled admin/taxonomy.js  (217ms)  (pid 7984)
Compiled admin/underscore-min.js  (1ms)  (pid 7984)
Compiled admin/variant_management.js  (73ms)  (pid 7984)
Compiled admin/zone.js  (88ms)  (pid 7984)
Compiled admin/spree_backend.js  (2310ms)  (pid 7984)
Compiled admin/spree_multi_lingual_class.js  (103ms)  (pid 7984)
Compiled admin/spree_multi_lingual.js  (111ms)  (pid 7984)
Compiled admin/all.js  (2588ms)  (pid 7984)
Compiled jquery.validate/jquery.validate.min.js  (0ms)  (pid 7984)
Compiled store/checkout.js  (141ms)  (pid 7984)
Compiled store/product.js  (97ms)  (pid 7984)
Compiled store/cart.js  (70ms)  (pid 7984)
Compiled store/spree_frontend.js  (332ms)  (pid 7984)
Compiled store/spree_multi_lingual.js  (2ms)  (pid 7984)
Compiled store/layout.js  (0ms)  (pid 7984)
Compiled store/all.js  (354ms)  (pid 7984)
Compiled application.js  (365ms)  (pid 7984)
Compiled jquery.alerts/jquery.alerts.css  (19ms)  (pid 7984)
Compiled jquery.alerts/jquery.alerts.spree.css  (0ms)  (pid 7984)
Compiled responsive-tables.css  (0ms)  (pid 7984)
Compiled normalize.css  (0ms)  (pid 7984)
Compiled skeleton.css  (0ms)  (pid 7984)
Compiled jquery.ui.core.css  (1ms)  (pid 7984)
Compiled jquery.ui.theme.css  (69ms)  (pid 7984)
Compiled jquery.ui.datepicker.css  (83ms)  (pid 7984)
Compiled jquery.powertip.css  (0ms)  (pid 7984)
Compiled select2.css  (112ms)  (pid 7984)
Compiled admin/spree_admin.css  (1380ms)  (pid 7984)
Compiled admin/spree_backend.css  (1643ms)  (pid 7984)
Compiled admin/spree_multi_lingual.css  (12ms)  (pid 7984)
Compiled admin/all.css  (1669ms)  (pid 7984)
Compiled store/screen.css  (208ms)  (pid 7984)
Compiled store/mylayout.css  (41ms)  (pid 7984)
Compiled store/mystyle.css  (7ms)  (pid 7984)
Compiled store/products.css  (3ms)  (pid 7984)
Compiled store/variables.css  (21ms)  (pid 7984)
Compiled store/all.css  (305ms)  (pid 7984)
Compiled application.css  (312ms)  (pid 7984)
Compiled admin/html-invoice.css  (0ms)  (pid 7984)
Compiled admin/html-receipt.css  (0ms)  (pid 7984)
Compiled jquery.jstree/themes/apple/style.css  (0ms)  (pid 7984)
Connecting to database specified by database.yml
Creating scope :deleted. Overwriting existing method Spree::Variant.deleted.
Compiled jquery.js  (2ms)  (pid 7984)
Compiled jquery_ujs.js  (0ms)  (pid 7984)
Compiled jquery-migrate-1.0.0.js  (0ms)  (pid 7984)
Compiled jquery.ui.core.js  (0ms)  (pid 7984)
Compiled jquery.ui.widget.js  (0ms)  (pid 7984)
Compiled jquery.ui.accordion.js  (11ms)  (pid 7984)
Compiled jquery.ui.position.js  (0ms)  (pid 7984)
Compiled jquery.ui.menu.js  (7ms)  (pid 7984)
Compiled jquery.ui.autocomplete.js  (18ms)  (pid 7984)
Compiled jquery.ui.button.js  (4ms)  (pid 7984)
Compiled jquery.ui.datepicker.js  (3ms)  (pid 7984)
Compiled jquery.ui.mouse.js  (5ms)  (pid 7984)
Compiled jquery.ui.draggable.js  (13ms)  (pid 7984)
Compiled jquery.ui.resizable.js  (6ms)  (pid 7984)
Compiled jquery.ui.dialog.js  (100ms)  (pid 7984)
Compiled jquery.ui.droppable.js  (8ms)  (pid 7984)
Compiled jquery.ui.effect.js  (0ms)  (pid 7984)
Compiled jquery.ui.effect-blind.js  (5ms)  (pid 7984)
Compiled jquery.ui.effect-bounce.js  (2ms)  (pid 7984)
Compiled jquery.ui.effect-clip.js  (1ms)  (pid 7984)
Compiled jquery.ui.effect-drop.js  (3ms)  (pid 7984)
Compiled jquery.ui.effect-explode.js  (1ms)  (pid 7984)
Compiled jquery.ui.effect-fade.js  (1ms)  (pid 7984)
Compiled jquery.ui.effect-fold.js  (2ms)  (pid 7984)
Compiled jquery.ui.effect-highlight.js  (1ms)  (pid 7984)
Compiled jquery.ui.effect-pulsate.js  (1ms)  (pid 7984)
Compiled jquery.ui.effect-scale.js  (2ms)  (pid 7984)
Compiled jquery.ui.effect-shake.js  (2ms)  (pid 7984)
Compiled jquery.ui.effect-slide.js  (2ms)  (pid 7984)
Compiled jquery.ui.effect-transfer.js  (1ms)  (pid 7984)
Compiled jquery.ui.progressbar.js  (3ms)  (pid 7984)
Compiled jquery.ui.selectable.js  (5ms)  (pid 7984)
Compiled jquery.ui.slider.js  (6ms)  (pid 7984)
Compiled jquery.ui.sortable.js  (5ms)  (pid 7984)
Compiled jquery.ui.spinner.js  (5ms)  (pid 7984)
Compiled jquery.ui.tabs.js  (8ms)  (pid 7984)
Compiled jquery.ui.tooltip.js  (64ms)  (pid 7984)
Compiled jquery.ui.all.js  (401ms)  (pid 7984)
Compiled modernizr.js  (0ms)  (pid 7984)
Compiled jquery.cookie.js  (0ms)  (pid 7984)
Compiled jquery.delayedobserver.js  (0ms)  (pid 7984)
Compiled jquery.jstree/jquery.jstree.js  (2ms)  (pid 7984)
Compiled jquery.alerts/jquery.alerts.js  (0ms)  (pid 7984)
Compiled jquery.powertip.js  (0ms)  (pid 7984)
Compiled jquery.vAlign.js  (0ms)  (pid 7984)
Compiled css_browser_selector_dev.js  (0ms)  (pid 7984)
Compiled spin.js  (0ms)  (pid 7984)
Compiled trunk8.js  (0ms)  (pid 7984)
Compiled jquery.adaptivemenu.js  (0ms)  (pid 7984)
Compiled equalize.js  (0ms)  (pid 7984)
Compiled responsive-tables.js  (0ms)  (pid 7984)
Compiled jsuri.js  (0ms)  (pid 7984)
Compiled spree.js  (140ms)  (pid 7984)
Compiled select2.js  (2ms)  (pid 7984)
Compiled admin/spree-select2.js  (10ms)  (pid 7984)
Compiled admin/address_states.js  (0ms)  (pid 7984)
Compiled handlebars.js  (0ms)  (pid 7984)
Compiled admin/handlebar_extensions.js  (5ms)  (pid 7984)
Compiled admin/variant_autocomplete.js  (1ms)  (pid 7984)
Compiled admin/taxon_autocomplete.js  (1ms)  (pid 7984)
Compiled admin/option_type_autocomplete.js  (1ms)  (pid 7984)
Compiled admin/user_picker.js  (0ms)  (pid 7984)
Compiled admin/product_picker.js  (0ms)  (pid 7984)
Compiled admin/admin.js  (42ms)  (pid 7984)
Compiled admin/calculator.js  (0ms)  (pid 7984)
Compiled admin/checkouts/edit.js  (0ms)  (pid 7984)
Compiled admin/gateway.js  (0ms)  (pid 7984)
Compiled admin/image_settings.js  (1ms)  (pid 7984)
Compiled admin/images/index.js  (130ms)  (pid 7984)
Compiled admin/images/new.js  (68ms)  (pid 7984)
Compiled admin/line_items.js  (88ms)  (pid 7984)
Compiled admin/nested-attribute.js  (0ms)  (pid 7984)
Compiled admin/orders/edit.js  (0ms)  (pid 7984)
Compiled admin/orders/edit_form.js  (0ms)  (pid 7984)
Compiled admin/payments/edit.js  (152ms)  (pid 7984)
Compiled admin/payments/new.js  (0ms)  (pid 7984)
Compiled admin/progress.js  (83ms)  (pid 7984)
Compiled admin/promotions.js  (0ms)  (pid 7984)
Compiled admin/shipments.js  (6ms)  (pid 7984)
Compiled admin/states.js  (0ms)  (pid 7984)
Compiled admin/stock_management.js  (71ms)  (pid 7984)
Compiled admin/stock_movement.js  (77ms)  (pid 7984)
Compiled admin/stock_transfer.js  (261ms)  (pid 7984)
Compiled admin/taxon_tree_menu.js  (79ms)  (pid 7984)
Compiled admin/taxonomy.js  (160ms)  (pid 7984)
Compiled admin/underscore-min.js  (1ms)  (pid 7984)
Compiled admin/variant_management.js  (130ms)  (pid 7984)
Compiled admin/zone.js  (79ms)  (pid 7984)
Compiled admin/spree_backend.js  (2285ms)  (pid 7984)
Compiled admin/spree_multi_lingual_class.js  (100ms)  (pid 7984)
Compiled admin/spree_multi_lingual.js  (108ms)  (pid 7984)
Compiled admin/all.js  (2431ms)  (pid 7984)
Compiled jquery.validate/jquery.validate.min.js  (0ms)  (pid 7984)
Compiled store/checkout.js  (140ms)  (pid 7984)
Compiled store/product.js  (103ms)  (pid 7984)
Compiled store/cart.js  (69ms)  (pid 7984)
Compiled store/spree_frontend.js  (332ms)  (pid 7984)
Compiled store/spree_multi_lingual.js  (2ms)  (pid 7984)
Compiled store/layout.js  (0ms)  (pid 7984)
Compiled store/all.js  (355ms)  (pid 7984)
Compiled application.js  (365ms)  (pid 7984)
Compiled jquery.alerts/jquery.alerts.css  (1ms)  (pid 7984)
Compiled jquery.alerts/jquery.alerts.spree.css  (0ms)  (pid 7984)
Compiled responsive-tables.css  (0ms)  (pid 7984)
Compiled normalize.css  (0ms)  (pid 7984)
Compiled skeleton.css  (0ms)  (pid 7984)
Compiled jquery.ui.core.css  (1ms)  (pid 7984)
Compiled jquery.ui.theme.css  (9ms)  (pid 7984)
Compiled jquery.ui.datepicker.css  (22ms)  (pid 7984)
Compiled jquery.powertip.css  (0ms)  (pid 7984)
Compiled select2.css  (104ms)  (pid 7984)
Compiled admin/spree_admin.css  (1268ms)  (pid 7984)
Compiled admin/spree_backend.css  (1447ms)  (pid 7984)
Compiled admin/spree_multi_lingual.css  (4ms)  (pid 7984)
Compiled admin/all.css  (1465ms)  (pid 7984)
Compiled store/screen.css  (208ms)  (pid 7984)
Compiled store/mylayout.css  (38ms)  (pid 7984)
Compiled store/mystyle.css  (7ms)  (pid 7984)
Compiled store/products.css  (4ms)  (pid 7984)
Compiled store/variables.css  (18ms)  (pid 7984)
Compiled store/all.css  (299ms)  (pid 7984)
Compiled application.css  (305ms)  (pid 7984)
Compiled admin/html-invoice.css  (0ms)  (pid 7984)
Compiled admin/html-receipt.css  (0ms)  (pid 7984)
Compiled jquery.jstree/themes/apple/style.css  (0ms)  (pid 7984)
